<?xml version="1.0" encoding="UTF-8"?>
<testsuite name="Matrix" tests="4" skipped="0" failures="0" errors="0" timestamp="2023-01-16T08:49:39" hostname="ACER-PC" time="1.658">
  <properties/>
  <testcase name="Determinant" classname="Matrix" time="1.609"/>
  <testcase name="Transpose" classname="Matrix" time="0.017"/>
  <testcase name="Inverse" classname="Matrix" time="0.015"/>
  <testcase name="Cofactor" classname="Matrix" time="0.016"/>
  <system-out><![CDATA[]]></system-out>
  <system-err><![CDATA[]]></system-err>
</testsuite>
