<?xml version="1.0" encoding="UTF-8"?>
<testsuite name="Matrix" tests="4" skipped="0" failures="0" errors="0" timestamp="2023-01-15T21:57:48" hostname="ACER-PC" time="1.751">
  <properties/>
  <testcase name="Determinant" classname="Matrix" time="1.589"/>
  <testcase name="Transpose" classname="Matrix" time="0.06"/>
  <testcase name="Inverse" classname="Matrix" time="0.062"/>
  <testcase name="Cofactor" classname="Matrix" time="0.032"/>
  <system-out><![CDATA[]]></system-out>
  <system-err><![CDATA[]]></system-err>
</testsuite>
